Copyright 1986-2018 Xilinx, Inc. All Rights Reserved.
----------------------------------------------------------------------------------------------
| Tool Version : Vivado v.2018.3 (win64) Build 2405991 Thu Dec  6 23:38:27 MST 2018
| Date         : Thu Feb 23 08:33:15 2023
| Host         : DESKTOP-A2QVG51 running 64-bit major release  (build 9200)
| Command      : report_control_sets -verbose -file modulator_wrapper_control_sets_placed.rpt
| Design       : modulator_wrapper
| Device       : xc7z020
----------------------------------------------------------------------------------------------

Control Set Information

Table of Contents
-----------------
1. Summary
2. Histogram
3. Flip-Flop Distribution
4. Detailed Control Set Information

1. Summary
----------

+----------------------------------------------------------+-------+
|                          Status                          | Count |
+----------------------------------------------------------+-------+
| Number of unique control sets                            |     8 |
| Unused register locations in slices containing registers |    28 |
+----------------------------------------------------------+-------+


2. Histogram
------------

+--------+--------------+
| Fanout | Control Sets |
+--------+--------------+
|      1 |            1 |
|      3 |            1 |
|      5 |            1 |
|     11 |            1 |
|     12 |            2 |
|    16+ |            2 |
+--------+--------------+


3. Flip-Flop Distribution
-------------------------

+--------------+-----------------------+------------------------+-----------------+--------------+
| Clock Enable | Synchronous Set/Reset | Asynchronous Set/Reset | Total Registers | Total Slices |
+--------------+-----------------------+------------------------+-----------------+--------------+
| No           | No                    | No                     |              12 |            5 |
| No           | No                    | Yes                    |               0 |            0 |
| No           | Yes                   | No                     |              64 |           16 |
| Yes          | No                    | No                     |              18 |            6 |
| Yes          | No                    | Yes                    |               0 |            0 |
| Yes          | Yes                   | No                     |              14 |            4 |
+--------------+-----------------------+------------------------+-----------------+--------------+


4. Detailed Control Set Information
-----------------------------------

+------------------+------------------------------------+----------------------------------------------------+------------------+----------------+
|   Clock Signal   |            Enable Signal           |                  Set/Reset Signal                  | Slice Load Count | Bel Load Count |
+------------------+------------------------------------+----------------------------------------------------+------------------+----------------+
|  clk_p_IBUF_BUFG | pwmmodulator/pwmmodule/fsm_ce/ce_s |                                                    |                1 |              1 |
|  clk_p_IBUF_BUFG | pwmmodulator/freq_ce/E[0]          | pwmmodulator/counterampl/cnt_out_s                 |                1 |              3 |
|  clk_p_IBUF_BUFG | pwmmodulator/freq_ce/E[0]          |                                                    |                1 |              5 |
|  clk_p_IBUF_BUFG | pwmmodulator/pwmmodule/fsm_ce/ce_s | pwmmodulator/pwmmodule/fsm_ce/freq_trig_reg_0      |                3 |             11 |
|  clk_p_IBUF_BUFG |                                    |                                                    |                5 |             12 |
|  clk_p_IBUF_BUFG | pwmmodulator/pwmmodule/fsm_ce/E[0] |                                                    |                4 |             12 |
|  clk_p_IBUF_BUFG |                                    | pwmmodulator/freq_ce/freq_trig_i_1_n_0             |                8 |             32 |
|  clk_p_IBUF_BUFG |                                    | pwmmodulator/pwmmodule/fsm_ce/freq_trig_i_1__0_n_0 |                8 |             32 |
+------------------+------------------------------------+----------------------------------------------------+------------------+----------------+


