
*** Running vivado
    with args -log top_mod.vds -m64 -product Vivado -mode batch -messageDb vivado.pb -notrace -source top_mod.tcl


****** Vivado v2018.3 (64-bit)
  **** SW Build 2405991 on Thu Dec  6 23:38:27 MST 2018
  **** IP Build 2404404 on Fri Dec  7 01:43:56 MST 2018
    ** Copyright 1986-2018 Xilinx, Inc. All Rights Reserved.

source top_mod.tcl -notrace
Command: synth_design -top top_mod -part xc7a35tcpg236-1
Starting synth_design
Attempting to get a license for feature 'Synthesis' and/or device 'xc7a35t'
INFO: [Common 17-349] Got license for feature 'Synthesis' and/or device 'xc7a35t'
INFO: Launching helper process for spawning children vivado processes
INFO: Helper process launched with PID 19060 
---------------------------------------------------------------------------------
Starting RTL Elaboration : Time (s): cpu = 00:00:01 ; elapsed = 00:00:04 . Memory (MB): peak = 372.777 ; gain = 100.508
---------------------------------------------------------------------------------
INFO: [Synth 8-6157] synthesizing module 'top_mod' [C:/Users/aaron/Desktop/Coding/3C7/Lab F/PartB/PartB.srcs/sources_1/new/top_mod.v:3]
INFO: [Synth 8-6157] synthesizing module 'debouncer' [C:/Users/aaron/Desktop/Coding/3C7/Lab F/PartB/PartB.srcs/sources_1/imports/Provided Sources/debouncer.v:1]
	Parameter threshold bound to: 24'b111111111111111111111111 
INFO: [Synth 8-6155] done synthesizing module 'debouncer' (1#1) [C:/Users/aaron/Desktop/Coding/3C7/Lab F/PartB/PartB.srcs/sources_1/imports/Provided Sources/debouncer.v:1]
INFO: [Synth 8-6157] synthesizing module 'seven_segment_controller' [C:/Users/aaron/Desktop/Coding/3C7/Lab F/PartB/PartB.srcs/sources_1/imports/Provided Sources/sevenseg.v:1]
INFO: [Synth 8-6155] done synthesizing module 'seven_segment_controller' (2#1) [C:/Users/aaron/Desktop/Coding/3C7/Lab F/PartB/PartB.srcs/sources_1/imports/Provided Sources/sevenseg.v:1]
INFO: [Synth 8-6157] synthesizing module 'd_ff_reset' [C:/Users/aaron/Desktop/Coding/3C7/Lab F/PartB/PartB.srcs/sources_1/imports/Provided Sources/d_type_ff.v:2]
INFO: [Synth 8-6155] done synthesizing module 'd_ff_reset' (3#1) [C:/Users/aaron/Desktop/Coding/3C7/Lab F/PartB/PartB.srcs/sources_1/imports/Provided Sources/d_type_ff.v:2]
INFO: [Synth 8-6155] done synthesizing module 'top_mod' (4#1) [C:/Users/aaron/Desktop/Coding/3C7/Lab F/PartB/PartB.srcs/sources_1/new/top_mod.v:3]
---------------------------------------------------------------------------------
Finished RTL Elaboration : Time (s): cpu = 00:00:02 ; elapsed = 00:00:05 . Memory (MB): peak = 429.098 ; gain = 156.828
---------------------------------------------------------------------------------

Report Check Netlist: 
+------+------------------+-------+---------+-------+------------------+
|      |Item              |Errors |Warnings |Status |Description       |
+------+------------------+-------+---------+-------+------------------+
|1     |multi_driven_nets |      0|        0|Passed |Multi driven nets |
+------+------------------+-------+---------+-------+------------------+
---------------------------------------------------------------------------------
Start Handling Custom Attributes
---------------------------------------------------------------------------------
---------------------------------------------------------------------------------
Finished Handling Custom Attributes : Time (s): cpu = 00:00:02 ; elapsed = 00:00:05 . Memory (MB): peak = 429.098 ; gain = 156.828
---------------------------------------------------------------------------------
---------------------------------------------------------------------------------
Finished RTL Optimization Phase 1 : Time (s): cpu = 00:00:02 ; elapsed = 00:00:05 . Memory (MB): peak = 429.098 ; gain = 156.828
---------------------------------------------------------------------------------
INFO: [Device 21-403] Loading part xc7a35tcpg236-1
INFO: [Project 1-570] Preparing netlist for logic optimization

Processing XDC Constraints
Initializing timing engine
Parsing XDC File [C:/Users/aaron/Desktop/Coding/3C7/Lab F/PartB/PartB.srcs/constrs_1/imports/Provided Sources/practicaldff.xdc]
Finished Parsing XDC File [C:/Users/aaron/Desktop/Coding/3C7/Lab F/PartB/PartB.srcs/constrs_1/imports/Provided Sources/practicaldff.xdc]
INFO: [Project 1-236] Implementation specific constraints were found while reading constraint file [C:/Users/aaron/Desktop/Coding/3C7/Lab F/PartB/PartB.srcs/constrs_1/imports/Provided Sources/practicaldff.xdc]. These constraints will be ignored for synthesis but will be used in implementation. Impacted constraints are listed in the file [.Xil/top_mod_propImpl.xdc].
Resolution: To avoid this warning, move constraints listed in [.Xil/top_mod_propImpl.xdc] to another XDC file and exclude this new file from synthesis with the used_in_synthesis property (File Properties dialog in GUI) and re-run elaboration/synthesis.
Netlist sorting complete. Time (s): cpu = 00:00:00 ; elapsed = 00:00:00 . Memory (MB): peak = 753.613 ; gain = 0.000
Completed Processing XDC Constraints

Netlist sorting complete. Time (s): cpu = 00:00:00 ; elapsed = 00:00:00.001 . Memory (MB): peak = 753.684 ; gain = 0.000
INFO: [Project 1-111] Unisim Transformation Summary:
No Unisim elements were transformed.

Netlist sorting complete. Time (s): cpu = 00:00:00 ; elapsed = 00:00:00 . Memory (MB): peak = 753.684 ; gain = 0.000
Constraint Validation Runtime : Time (s): cpu = 00:00:00 ; elapsed = 00:00:00.004 . Memory (MB): peak = 753.684 ; gain = 0.000
---------------------------------------------------------------------------------
Finished Constraint Validation : Time (s): cpu = 00:00:06 ; elapsed = 00:00:16 . Memory (MB): peak = 753.684 ; gain = 481.414
---------------------------------------------------------------------------------
---------------------------------------------------------------------------------
Start Loading Part and Timing Information
---------------------------------------------------------------------------------
Loading part: xc7a35tcpg236-1
---------------------------------------------------------------------------------
Finished Loading Part and Timing Information : Time (s): cpu = 00:00:06 ; elapsed = 00:00:16 . Memory (MB): peak = 753.684 ; gain = 481.414
---------------------------------------------------------------------------------
---------------------------------------------------------------------------------
Start Applying 'set_property' XDC Constraints
---------------------------------------------------------------------------------
---------------------------------------------------------------------------------
Finished applying 'set_property' XDC Constraints : Time (s): cpu = 00:00:06 ; elapsed = 00:00:17 . Memory (MB): peak = 753.684 ; gain = 481.414
---------------------------------------------------------------------------------
INFO: [Synth 8-5818] HDL ADVISOR - The operator resource <adder> is shared. To prevent sharing consider applying a KEEP on the output of the operator [C:/Users/aaron/Desktop/Coding/3C7/Lab F/PartB/PartB.srcs/sources_1/imports/Provided Sources/debouncer.v:27]
INFO: [Synth 8-5818] HDL ADVISOR - The operator resource <adder> is shared. To prevent sharing consider applying a KEEP on the output of the operator [C:/Users/aaron/Desktop/Coding/3C7/Lab F/PartB/PartB.srcs/sources_1/new/top_mod.v:24]
INFO: [Synth 8-5544] ROM "Q_next" won't be mapped to Block RAM because address size (1) smaller than threshold (5)
---------------------------------------------------------------------------------
Finished RTL Optimization Phase 2 : Time (s): cpu = 00:00:07 ; elapsed = 00:00:17 . Memory (MB): peak = 753.684 ; gain = 481.414
---------------------------------------------------------------------------------

Report RTL Partitions: 
+-+--------------+------------+----------+
| |RTL Partition |Replication |Instances |
+-+--------------+------------+----------+
+-+--------------+------------+----------+
---------------------------------------------------------------------------------
Start RTL Component Statistics 
---------------------------------------------------------------------------------
Detailed RTL Component Info : 
+---Adders : 
	   2 Input      8 Bit       Adders := 1     
+---Registers : 
	                8 Bit    Registers := 1     
	                5 Bit    Registers := 3     
	                1 Bit    Registers := 8     
+---Muxes : 
	   5 Input      8 Bit        Muxes := 1     
	   2 Input      5 Bit        Muxes := 1     
	   4 Input      5 Bit        Muxes := 1     
	   4 Input      4 Bit        Muxes := 2     
	   2 Input      2 Bit        Muxes := 1     
	   2 Input      1 Bit        Muxes := 3     
---------------------------------------------------------------------------------
Finished RTL Component Statistics 
---------------------------------------------------------------------------------
---------------------------------------------------------------------------------
Start RTL Hierarchical Component Statistics 
---------------------------------------------------------------------------------
Hierarchical RTL Component report 
Module top_mod 
Detailed RTL Component Info : 
+---Adders : 
	   2 Input      8 Bit       Adders := 1     
+---Registers : 
	                8 Bit    Registers := 1     
+---Muxes : 
	   5 Input      8 Bit        Muxes := 1     
	   4 Input      5 Bit        Muxes := 1     
	   2 Input      2 Bit        Muxes := 1     
	   2 Input      1 Bit        Muxes := 1     
Module debouncer 
Detailed RTL Component Info : 
+---Registers : 
	                5 Bit    Registers := 3     
+---Muxes : 
	   2 Input      5 Bit        Muxes := 1     
	   2 Input      1 Bit        Muxes := 2     
Module seven_segment_controller 
Detailed RTL Component Info : 
+---Muxes : 
	   4 Input      4 Bit        Muxes := 2     
Module d_ff_reset 
Detailed RTL Component Info : 
+---Registers : 
	                1 Bit    Registers := 1     
---------------------------------------------------------------------------------
Finished RTL Hierarchical Component Statistics
---------------------------------------------------------------------------------
---------------------------------------------------------------------------------
Start Part Resource Summary
---------------------------------------------------------------------------------
Part Resources:
DSPs: 90 (col length:60)
BRAMs: 100 (col length: RAMB18 60 RAMB36 30)
---------------------------------------------------------------------------------
Finished Part Resource Summary
---------------------------------------------------------------------------------
---------------------------------------------------------------------------------
Start Cross Boundary and Area Optimization
---------------------------------------------------------------------------------
Warning: Parallel synthesis criteria is not met 
---------------------------------------------------------------------------------
Finished Cross Boundary and Area Optimization : Time (s): cpu = 00:00:08 ; elapsed = 00:00:21 . Memory (MB): peak = 753.684 ; gain = 481.414
---------------------------------------------------------------------------------

Report RTL Partitions: 
+-+--------------+------------+----------+
| |RTL Partition |Replication |Instances |
+-+--------------+------------+----------+
+-+--------------+------------+----------+
---------------------------------------------------------------------------------
Start Applying XDC Timing Constraints
---------------------------------------------------------------------------------
---------------------------------------------------------------------------------
Finished Applying XDC Timing Constraints : Time (s): cpu = 00:00:14 ; elapsed = 00:00:32 . Memory (MB): peak = 753.684 ; gain = 481.414
---------------------------------------------------------------------------------
---------------------------------------------------------------------------------
Start Timing Optimization
---------------------------------------------------------------------------------
---------------------------------------------------------------------------------
Finished Timing Optimization : Time (s): cpu = 00:00:14 ; elapsed = 00:00:33 . Memory (MB): peak = 776.961 ; gain = 504.691
---------------------------------------------------------------------------------

Report RTL Partitions: 
+-+--------------+------------+----------+
| |RTL Partition |Replication |Instances |
+-+--------------+------------+----------+
+-+--------------+------------+----------+
---------------------------------------------------------------------------------
Start Technology Mapping
---------------------------------------------------------------------------------
---------------------------------------------------------------------------------
Finished Technology Mapping : Time (s): cpu = 00:00:14 ; elapsed = 00:00:33 . Memory (MB): peak = 782.285 ; gain = 510.016
---------------------------------------------------------------------------------

Report RTL Partitions: 
+-+--------------+------------+----------+
| |RTL Partition |Replication |Instances |
+-+--------------+------------+----------+
+-+--------------+------------+----------+
---------------------------------------------------------------------------------
Start IO Insertion
---------------------------------------------------------------------------------
---------------------------------------------------------------------------------
Start Flattening Before IO Insertion
---------------------------------------------------------------------------------
---------------------------------------------------------------------------------
Finished Flattening Before IO Insertion
---------------------------------------------------------------------------------
---------------------------------------------------------------------------------
Start Final Netlist Cleanup
---------------------------------------------------------------------------------
---------------------------------------------------------------------------------
Finished Final Netlist Cleanup
---------------------------------------------------------------------------------
---------------------------------------------------------------------------------
Finished IO Insertion : Time (s): cpu = 00:00:15 ; elapsed = 00:00:34 . Memory (MB): peak = 782.285 ; gain = 510.016
---------------------------------------------------------------------------------

Report Check Netlist: 
+------+------------------+-------+---------+-------+------------------+
|      |Item              |Errors |Warnings |Status |Description       |
+------+------------------+-------+---------+-------+------------------+
|1     |multi_driven_nets |      0|        0|Passed |Multi driven nets |
+------+------------------+-------+---------+-------+------------------+
---------------------------------------------------------------------------------
Start Renaming Generated Instances
---------------------------------------------------------------------------------
---------------------------------------------------------------------------------
Finished Renaming Generated Instances : Time (s): cpu = 00:00:15 ; elapsed = 00:00:34 . Memory (MB): peak = 782.285 ; gain = 510.016
---------------------------------------------------------------------------------

Report RTL Partitions: 
+-+--------------+------------+----------+
| |RTL Partition |Replication |Instances |
+-+--------------+------------+----------+
+-+--------------+------------+----------+
---------------------------------------------------------------------------------
Start Rebuilding User Hierarchy
---------------------------------------------------------------------------------
---------------------------------------------------------------------------------
Finished Rebuilding User Hierarchy : Time (s): cpu = 00:00:15 ; elapsed = 00:00:34 . Memory (MB): peak = 782.285 ; gain = 510.016
---------------------------------------------------------------------------------
---------------------------------------------------------------------------------
Start Renaming Generated Ports
---------------------------------------------------------------------------------
---------------------------------------------------------------------------------
Finished Renaming Generated Ports : Time (s): cpu = 00:00:15 ; elapsed = 00:00:34 . Memory (MB): peak = 782.285 ; gain = 510.016
---------------------------------------------------------------------------------
---------------------------------------------------------------------------------
Start Handling Custom Attributes
---------------------------------------------------------------------------------
---------------------------------------------------------------------------------
Finished Handling Custom Attributes : Time (s): cpu = 00:00:15 ; elapsed = 00:00:34 . Memory (MB): peak = 782.285 ; gain = 510.016
---------------------------------------------------------------------------------
---------------------------------------------------------------------------------
Start Renaming Generated Nets
---------------------------------------------------------------------------------
---------------------------------------------------------------------------------
Finished Renaming Generated Nets : Time (s): cpu = 00:00:15 ; elapsed = 00:00:34 . Memory (MB): peak = 782.285 ; gain = 510.016
---------------------------------------------------------------------------------
---------------------------------------------------------------------------------
Start Writing Synthesis Report
---------------------------------------------------------------------------------

Report BlackBoxes: 
+-+--------------+----------+
| |BlackBox name |Instances |
+-+--------------+----------+
+-+--------------+----------+

Report Cell Usage: 
+------+-------+------+
|      |Cell   |Count |
+------+-------+------+
|1     |BUFG   |     1|
|2     |CARRY4 |    18|
|3     |LUT1   |     9|
|4     |LUT2   |    19|
|5     |LUT3   |     4|
|6     |LUT4   |    15|
|7     |LUT5   |    34|
|8     |LUT6   |    21|
|9     |FDCE   |    59|
|10    |FDPE   |     1|
|11    |FDRE   |    18|
|12    |IBUF   |     7|
|13    |OBUF   |    11|
+------+-------+------+

Report Instance Areas: 
+------+------------+-------------------------+------+
|      |Instance    |Module                   |Cells |
+------+------------+-------------------------+------+
|1     |top         |                         |   217|
|2     |  DFF0      |d_ff_reset               |     3|
|3     |  DFF1      |d_ff_reset_0             |     5|
|4     |  DFF2      |d_ff_reset_1             |     4|
|5     |  DFF3      |d_ff_reset_2             |     3|
|6     |  DFF4      |d_ff_reset_3             |     4|
|7     |  DFF5      |d_ff_reset_4             |     5|
|8     |  DFF6      |d_ff_reset_5             |     4|
|9     |  DFF7      |d_ff_reset_6             |     7|
|10    |  debounce  |debouncer                |    98|
|11    |  seven_seg |seven_segment_controller |    57|
+------+------------+-------------------------+------+
---------------------------------------------------------------------------------
Finished Writing Synthesis Report : Time (s): cpu = 00:00:15 ; elapsed = 00:00:34 . Memory (MB): peak = 782.285 ; gain = 510.016
---------------------------------------------------------------------------------
Synthesis finished with 0 errors, 0 critical warnings and 0 warnings.
Synthesis Optimization Runtime : Time (s): cpu = 00:00:10 ; elapsed = 00:00:28 . Memory (MB): peak = 782.285 ; gain = 185.430
Synthesis Optimization Complete : Time (s): cpu = 00:00:15 ; elapsed = 00:00:34 . Memory (MB): peak = 782.285 ; gain = 510.016
INFO: [Project 1-571] Translating synthesized netlist
INFO: [Netlist 29-17] Analyzing 18 Unisim elements for replacement
INFO: [Netlist 29-28] Unisim Transformation completed in 0 CPU seconds
INFO: [Project 1-570] Preparing netlist for logic optimization
INFO: [Opt 31-138] Pushed 0 inverter(s) to 0 load pin(s).
Netlist sorting complete. Time (s): cpu = 00:00:00 ; elapsed = 00:00:00 . Memory (MB): peak = 782.285 ; gain = 0.000
INFO: [Project 1-111] Unisim Transformation Summary:
No Unisim elements were transformed.

INFO: [Common 17-83] Releasing license: Synthesis
23 Infos, 0 Warnings, 0 Critical Warnings and 0 Errors encountered.
synth_design completed successfully
synth_design: Time (s): cpu = 00:00:17 ; elapsed = 00:00:37 . Memory (MB): peak = 782.285 ; gain = 522.840
Netlist sorting complete. Time (s): cpu = 00:00:00 ; elapsed = 00:00:00 . Memory (MB): peak = 782.285 ; gain = 0.000
WARNING: [Constraints 18-5210] No constraints selected for write.
Resolution: This message can indicate that there are no constraints for the design, or it can indicate that the used_in flags are set such that the constraints are ignored. This later case is used when running synth_design to not write synthesis constraints to the resulting checkpoint. Instead, project constraints are read when the synthesized design is opened.
INFO: [Common 17-1381] The checkpoint 'C:/Users/aaron/Desktop/Coding/3C7/Lab F/PartB/PartB.runs/synth_1/top_mod.dcp' has been generated.
INFO: [runtcl-4] Executing : report_utilization -file top_mod_utilization_synth.rpt -pb top_mod_utilization_synth.pb
INFO: [Common 17-206] Exiting Vivado at Sat Mar 25 13:38:54 2023...
