#-----------------------------------------------------------
# Vivado v2018.3 (64-bit)
# SW Build 2405991 on Thu Dec  6 23:38:27 MST 2018
# IP Build 2404404 on Fri Dec  7 01:43:56 MST 2018
# Start of session at: Wed Mar  8 20:12:47 2023
# Process ID: 24416
# Current directory: C:/Users/aaron/Desktop/College Work/3rd Year/3C7/Lab C/bit6_CLA_Adder
# Command line: vivado.exe -gui_launcher_event rodinguilauncherevent1216 C:\Users\aaron\Desktop\College Work\3rd Year\3C7\Lab C\bit6_CLA_Adder\bit6_CLA_Adder.xpr
# Log file: C:/Users/aaron/Desktop/College Work/3rd Year/3C7/Lab C/bit6_CLA_Adder/vivado.log
# Journal file: C:/Users/aaron/Desktop/College Work/3rd Year/3C7/Lab C/bit6_CLA_Adder\vivado.jou
#-----------------------------------------------------------
start_gui
open_project {C:/Users/aaron/Desktop/College Work/3rd Year/3C7/Lab C/bit6_CLA_Adder/bit6_CLA_Adder.xpr}
CRITICAL WARNING: [Project 1-19] Could not find the file 'C:/Users/aaron/Desktop/College Work/3rd Year/3C7/Lab C/bit6_CLA_Adder/bit6_CLA_Adder.srcs/sources_1/new/6bit_ripple_adder.v'.
CRITICAL WARNING: [Project 1-19] Could not find the file 'C:/Users/aaron/Desktop/College Work/3rd Year/3C7/Lab C/full_adder.v'.
Scanning sources...
Finished scanning sources
INFO: [IP_Flow 19-234] Refreshing IP repositories
INFO: [IP_Flow 19-1704] No user IP repositories specified
INFO: [IP_Flow 19-2313] Loaded Vivado IP repository 'C:/Xilinx/Vivado/2018.3/data/ip'.
update_compile_order -fileset sources_1
exit
INFO: [Common 17-206] Exiting Vivado at Wed Mar  8 20:13:36 2023...
