#-----------------------------------------------------------
# Vivado v2018.3 (64-bit)
# SW Build 2405991 on Thu Dec  6 23:38:27 MST 2018
# IP Build 2404404 on Fri Dec  7 01:43:56 MST 2018
# Start of session at: Sat Mar 25 14:14:32 2023
# Process ID: 21616
# Current directory: C:/Users/aaron/Desktop/Coding/3C7/Lab F/PartA
# Command line: vivado.exe -gui_launcher_event rodinguilauncherevent24132 C:\Users\aaron\Desktop\Coding\3C7\Lab F\PartA\PartA.xpr
# Log file: C:/Users/aaron/Desktop/Coding/3C7/Lab F/PartA/vivado.log
# Journal file: C:/Users/aaron/Desktop/Coding/3C7/Lab F/PartA\vivado.jou
#-----------------------------------------------------------
start_gui
open_project {C:/Users/aaron/Desktop/Coding/3C7/Lab F/PartA/PartA.xpr}
INFO: [Project 1-313] Project file moved from 'C:/Users/aaron/Desktop/Coding/3C7/Assignment 1/PartA' since last save.
Scanning sources...
Finished scanning sources
INFO: [IP_Flow 19-234] Refreshing IP repositories
INFO: [IP_Flow 19-1704] No user IP repositories specified
INFO: [IP_Flow 19-2313] Loaded Vivado IP repository 'C:/Xilinx/Vivado/2018.3/data/ip'.
update_compile_order -fileset sources_1
exit
INFO: [Common 17-206] Exiting Vivado at Sat Mar 25 14:14:54 2023...
